

------------6/3/2015 11:28 PM-------------
The window is loaded!

start Turn to Transparent! entering point: exited
New Event Added: work: 25 minutes
Editing event: work|work
New Event Added: rest: 5 minutes
start Turn to Transparent! entering point: mouse leave
Starts!
Start rest: 5 minutes

timer starts at 6/3/2015 11:28:33 PM
start Turn to Transparent! entering point: exited
start Turn to Transparent! entering point: mouse leave
Starts!
Shutting down at 6/3/2015 11:35:02 PM

------------6/3/2015 11:37 PM-------------
The window is loaded!

start Turn to Transparent! entering point: exited
New Event Added: work: 25 minutes
Editing event: work|work
New Event Added: rest: 5 minutes
Starts!
Start rest: 5 minutes

timer starts at 6/3/2015 11:37:39 PM
start Turn to Transparent! entering point: exited
start Turn to Transparent! entering point: mouse leave
Shutting down at 6/3/2015 11:43:43 PM

------------6/3/2015 11:50 PM-------------
The window is loaded!

start Turn to Transparent! entering point: exited
New Event Added: rest: 5 minutes
Shutting down at 6/3/2015 11:50:21 PM

------------6/3/2015 11:50 PM-------------
The window is loaded!

start Turn to Transparent! entering point: exited
New Event Added: test0: 0 minutes
Editing event: test0|other
timer starts at 6/3/2015 11:51:07 PM
The current session has ended!
Shutting down at 6/3/2015 11:51:16 PM

------------6/3/2015 11:51 PM-------------
The window is loaded!

start Turn to Transparent! entering point: exited
New Event Added: work: 25 minutes
Editing event: work|work
New Event Added: rest: 5 minutes
timer starts at 6/3/2015 11:51:39 PM
Start rest: 5 minutes

timer starts at 6/3/2015 11:51:44 PM
start Turn to Transparent! entering point: exited
start Turn to Transparent! entering point: mouse leave
start Turn to Transparent! entering point: mouse leave
Shutting down at 6/3/2015 11:57:26 PM

------------6/3/2015 11:57 PM-------------
The window is loaded!

start Turn to Transparent! entering point: exited
New Event Added: test50: 1 minutes
timer starts at 6/3/2015 11:57:52 PM
Shutting down at 6/3/2015 11:58:19 PM

------------6/3/2015 11:58 PM-------------
The window is loaded!

New Event Added: test44: 1 minutes
timer starts at 6/3/2015 11:58:44 PM
The current session has ended!
Shutting down at 6/3/2015 11:59:49 PM

------------6/4/2015 12:08 AM-------------
The window is loaded!

New Event Added: rest: 5 minutes
timer starts at 6/4/2015 12:08:03 AM
The current session has ended!
timer starts at 6/4/2015 12:19:10 AM
Shutting down at 6/4/2015 12:19:15 AM